<?xml version="1.0" encoding="UTF-8"?>
<!-- Generated by org.testng.reporters.JUnitReportReporter -->
<testsuite name="testcases.TC007_DeleteLead" tests="1" time="41.786" ignored="0" failures="0" timestamp="18 Apr 2018 18:38:31 GMT" skipped="0" hostname="kevin7" errors="0">
  <testcase name="login" time="41.786" classname="testcases.TC007_DeleteLead"/>
</testsuite> <!-- testcases.TC007_DeleteLead -->
