<?xml version="1.0" encoding="UTF-8"?>
<!-- Generated by org.testng.reporters.JUnitReportReporter -->
<testsuite name="testcases.TC008_DuplicateLead" tests="1" time="24.230" ignored="0" failures="0" timestamp="14 Apr 2018 06:46:06 GMT" skipped="0" hostname="kevin7" errors="0">
  <testcase name="login" time="24.230" classname="testcases.TC008_DuplicateLead"/>
</testsuite> <!-- testcases.TC008_DuplicateLead -->
